Start testing: Aug 02 18:29 UTC
----------------------------------------------------------
1/1 Testing: logger_tests
1/1 Test: logger_tests
Command: "/home/vboxuser/Documents/cpp-simple-logger/build/tests/logger_tests"
Directory: /home/vboxuser/Documents/cpp-simple-logger/build/tests
"logger_tests" start time: Aug 02 18:29 UTC
Output:
----------------------------------------------------------
<end of output>
Test time =   0.00 sec
----------------------------------------------------------
Test Passed.
"logger_tests" end time: Aug 02 18:29 UTC
"logger_tests" time elapsed: 00:00:00
----------------------------------------------------------

End testing: Aug 02 18:29 UTC
